<?xml version="1.0" encoding="UTF-8"?>
<!-- Generated by org.testng.reporters.JUnitXMLReporter -->
<testsuite ignored="0" hostname="AVOCOMP109" failures="0" tests="2" name="Freshworks - Chrome test" time="19.062" errors="0" timestamp="22 May 2023 13:54:33 GMT">
  <testcase classname="testcases.TC01_VerifyFreeTrialBtnName" name="verifyCompanyLogo" time="0.071"/>
  <testcase classname="testcases.TC02_VerifyPageTitle" name="verifypagetile" time="0.022"/>
</testsuite> <!-- Freshworks - Chrome test -->
