<?xml version="1.0" encoding="UTF-8"?>
<testsuite xmlns:xsi="http://www.w3.org/2001/XMLSchema-instance" xsi:noNamespaceSchemaLocation="https://maven.apache.org/surefire/maven-surefire-plugin/xsd/surefire-test-report.xsd" name="TestSuite" time="34.919" tests="4" errors="0" skipped="0" failures="0">
  <properties>
[...]
</properties>
  <testcase name="verifyCompanyLogo" classname="testcases.TC01_VerifyFreeTrialBtnName" time="0.072"/>
  <testcase name="verifyCompanyLogo" classname="testcases.TC01_VerifyFreeTrialBtnName" time="0.048"/>
  <testcase name="verifypagetile" classname="testcases.TC02_VerifyPageTitle" time="0.021"/>
  <testcase name="verifypagetile" classname="testcases.TC02_VerifyPageTitle" time="0.009"/>
</testsuite>