<?xml version="1.0" encoding="UTF-8"?>
<testng-results ignored="0" total="4" passed="4" failed="0" skipped="0">
  <reporter-output>
  </reporter-output>
  <suite started-at="2023-05-22T13:54:14Z" name="Test automtion regression suite" finished-at="2023-05-22T13:54:49Z" duration-ms="34377">
    <groups>
    </groups>
    <test started-at="2023-05-22T13:54:14Z" name="Freshworks - Chrome test" finished-at="2023-05-22T13:54:33Z" duration-ms="19062">
      <class name="testcases.TC02_VerifyPageTitle">
        <test-method is-config="true" signature="setupBrowser(java.lang.String)[pri:0, instance:testcases.TC02_VerifyPageTitle@3590fc5b]" started-at="2023-05-22T13:54:24Z" name="setupBrowser" finished-at="2023-05-22T13:54:32Z" duration-ms="8412" status="PASS">
          <params>
            <param index="0">
              <value>
                <![CDATA[chrome]]>
              </value>
            </param>
          </params>
          <reporter-output>
          </reporter-output>
        </test-method> <!-- setupBrowser -->
        <test-method signature="verifypagetile()[pri:2, instance:testcases.TC02_VerifyPageTitle@3590fc5b]" started-at="2023-05-22T13:54:32Z" name="verifypagetile" finished-at="2023-05-22T13:54:32Z" duration-ms="22" status="PASS">
          <reporter-output>
          </reporter-output>
        </test-method> <!-- verifypagetile -->
        <test-method is-config="true" signature="tearDown()[pri:0, instance:testcases.TC02_VerifyPageTitle@3590fc5b]" started-at="2023-05-22T13:54:32Z" name="tearDown" finished-at="2023-05-22T13:54:33Z" duration-ms="1168" status="PASS">
          <reporter-output>
          </reporter-output>
        </test-method> <!-- tearDown -->
      </class> <!-- testcases.TC02_VerifyPageTitle -->
      <class name="testcases.TC01_VerifyFreeTrialBtnName">
        <test-method is-config="true" signature="setupBrowser(java.lang.String)[pri:0, instance:testcases.TC01_VerifyFreeTrialBtnName@41d477ed]" started-at="2023-05-22T13:54:14Z" name="setupBrowser" finished-at="2023-05-22T13:54:22Z" duration-ms="8130" status="PASS">
          <params>
            <param index="0">
              <value>
                <![CDATA[chrome]]>
              </value>
            </param>
          </params>
          <reporter-output>
          </reporter-output>
        </test-method> <!-- setupBrowser -->
        <test-method signature="verifyCompanyLogo()[pri:1, instance:testcases.TC01_VerifyFreeTrialBtnName@41d477ed]" started-at="2023-05-22T13:54:22Z" name="verifyCompanyLogo" finished-at="2023-05-22T13:54:23Z" duration-ms="71" status="PASS">
          <reporter-output>
          </reporter-output>
        </test-method> <!-- verifyCompanyLogo -->
        <test-method is-config="true" signature="tearDown()[pri:0, instance:testcases.TC01_VerifyFreeTrialBtnName@41d477ed]" started-at="2023-05-22T13:54:23Z" name="tearDown" finished-at="2023-05-22T13:54:24Z" duration-ms="1239" status="PASS">
          <reporter-output>
          </reporter-output>
        </test-method> <!-- tearDown -->
      </class> <!-- testcases.TC01_VerifyFreeTrialBtnName -->
    </test> <!-- Freshworks - Chrome test -->
    <test started-at="2023-05-22T13:54:14Z" name="Freshworks - FireFox test" finished-at="2023-05-22T13:54:49Z" duration-ms="34377">
      <class name="testcases.TC02_VerifyPageTitle">
        <test-method is-config="true" signature="setupBrowser(java.lang.String)[pri:0, instance:testcases.TC02_VerifyPageTitle@702657cc]" started-at="2023-05-22T13:54:36Z" name="setupBrowser" finished-at="2023-05-22T13:54:47Z" duration-ms="11182" status="PASS">
          <params>
            <param index="0">
              <value>
                <![CDATA[firefox]]>
              </value>
            </param>
          </params>
          <reporter-output>
          </reporter-output>
        </test-method> <!-- setupBrowser -->
        <test-method signature="verifypagetile()[pri:2, instance:testcases.TC02_VerifyPageTitle@702657cc]" started-at="2023-05-22T13:54:47Z" name="verifypagetile" finished-at="2023-05-22T13:54:47Z" duration-ms="9" status="PASS">
          <reporter-output>
          </reporter-output>
        </test-method> <!-- verifypagetile -->
        <test-method is-config="true" signature="tearDown()[pri:0, instance:testcases.TC02_VerifyPageTitle@702657cc]" started-at="2023-05-22T13:54:47Z" name="tearDown" finished-at="2023-05-22T13:54:49Z" duration-ms="1657" status="PASS">
          <reporter-output>
          </reporter-output>
        </test-method> <!-- tearDown -->
      </class> <!-- testcases.TC02_VerifyPageTitle -->
      <class name="testcases.TC01_VerifyFreeTrialBtnName">
        <test-method is-config="true" signature="setupBrowser(java.lang.String)[pri:0, instance:testcases.TC01_VerifyFreeTrialBtnName@43bc63a3]" started-at="2023-05-22T13:54:14Z" name="setupBrowser" finished-at="2023-05-22T13:54:34Z" duration-ms="19460" status="PASS">
          <params>
            <param index="0">
              <value>
                <![CDATA[firefox]]>
              </value>
            </param>
          </params>
          <reporter-output>
          </reporter-output>
        </test-method> <!-- setupBrowser -->
        <test-method signature="verifyCompanyLogo()[pri:1, instance:testcases.TC01_VerifyFreeTrialBtnName@43bc63a3]" started-at="2023-05-22T13:54:34Z" name="verifyCompanyLogo" finished-at="2023-05-22T13:54:34Z" duration-ms="47" status="PASS">
          <reporter-output>
          </reporter-output>
        </test-method> <!-- verifyCompanyLogo -->
        <test-method is-config="true" signature="tearDown()[pri:0, instance:testcases.TC01_VerifyFreeTrialBtnName@43bc63a3]" started-at="2023-05-22T13:54:34Z" name="tearDown" finished-at="2023-05-22T13:54:36Z" duration-ms="2004" status="PASS">
          <reporter-output>
          </reporter-output>
        </test-method> <!-- tearDown -->
      </class> <!-- testcases.TC01_VerifyFreeTrialBtnName -->
    </test> <!-- Freshworks - FireFox test -->
  </suite> <!-- Test automtion regression suite -->
</testng-results>
